
[2026-04-15 01:25:04.898859] CONFLICT CHECK: Court=BoxCricket, Date=2026-04-14, Time=18:30:00-19:30:00, Mask=0
  Related Courts: [UUID('8494fa95-f072-4ce4-97cb-4106b86d15fe'), UUID('84df147f-18bd-409c-a5a5-d08f61acf51f')]
  Found 6 manual blocks
  !! Conflict: Overlaps with manual block (18:30:00-19:30:00)

[2026-04-15 14:21:20.153495] CONFLICT CHECK: Court=BoxCricket, Date=2026-04-14, Time=18:30:00-19:30:00, Mask=0
  Related Courts: [UUID('8494fa95-f072-4ce4-97cb-4106b86d15fe'), UUID('84df147f-18bd-409c-a5a5-d08f61acf51f')]
  Found 7 manual blocks
  !! Conflict: Overlaps with manual block (18:30:00-19:30:00)

[2026-04-15 14:39:52.618196] CONFLICT CHECK: Court=BoxCricket, Date=2026-04-14, Time=18:30:00-19:30:00, Mask=0
  Related Courts: [UUID('8494fa95-f072-4ce4-97cb-4106b86d15fe'), UUID('84df147f-18bd-409c-a5a5-d08f61acf51f')]
  Found 7 manual blocks
  !! Conflict: Overlaps with manual block (18:30:00-19:30:00, Mask=12)

[2026-04-15 16:48:44.854609] CONFLICT CHECK: Court=Box Cricket, Date=2026-04-15, Time=22:00:00-23:00:00, Mask=0
  Related Courts: [UUID('2b10a0d2-b84f-4026-8a2d-0666c63ea68a')]
  Found 1 manual blocks
  Found 0 active bookings
  PASSED

[2026-04-15 16:55:42.742510] CONFLICT CHECK: Court=Box Cricket, Date=2026-04-15, Time=22:00:00-23:00:00, Mask=0
  Related Courts: [UUID('2b10a0d2-b84f-4026-8a2d-0666c63ea68a')]
  Found 2 manual blocks
  !! Conflict: Overlaps with manual block (22:00:00-23:00:00, Mask=1)
