{
  "timestamp": "2026-03-10T11:30:58.466410Z",
  "level": "INFO",
  "logger": "myrush_backend",
  "message": "Error alert system configured successfully",
  "module": "error_alert_service",
  "function": "configure_error_alerts",
  "line": 308
}
{
  "timestamp": "2026-03-10T11:40:35.621021Z",
  "level": "INFO",
  "logger": "myrush_backend",
  "message": "Error alert system configured successfully",
  "module": "error_alert_service",
  "function": "configure_error_alerts",
  "line": 308
}
{
  "timestamp": "2026-03-10T11:43:26.881991Z",
  "level": "INFO",
  "logger": "myrush_backend",
  "message": "Error alert system configured successfully",
  "module": "error_alert_service",
  "function": "configure_error_alerts",
  "line": 308
}
{
  "timestamp": "2026-03-10T11:44:35.908652Z",
  "level": "INFO",
  "logger": "myrush_backend",
  "message": "Error alert system configured successfully",
  "module": "error_alert_service",
  "function": "configure_error_alerts",
  "line": 308
}
{
  "timestamp": "2026-03-10T11:46:42.985913Z",
  "level": "INFO",
  "logger": "myrush_backend",
  "message": "Error alert system configured successfully",
  "module": "error_alert_service",
  "function": "configure_error_alerts",
  "line": 308
}
{
  "timestamp": "2026-03-10T11:49:31.786870Z",
  "level": "INFO",
  "logger": "myrush_backend",
  "message": "Error alert system configured successfully",
  "module": "error_alert_service",
  "function": "configure_error_alerts",
  "line": 308
}
